Terminals which are not used

   TM_VAR


Grammar

    0 $accept: NT_EXPR $end

    1 NT_EXPR: NT_EXPR TM_PLUS NT_EXPR
    2        | NT_EXPR TM_MUL NT_EXPR
    3        | TM_IDENT
    4        | TM_LEFT_PAREN NT_EXPR TM_RIGHT_PAREN
    5        | TM_NAT


Terminals, with rules where they appear

$end (0) 0
error (256)
TM_NAT (258) 5
TM_IDENT (259) 3
TM_LEFT_PAREN (260) 4
TM_RIGHT_PAREN (261) 4
TM_VAR (262)
TM_PLUS (263) 1
TM_MUL (264) 2


Nonterminals, with rules where they appear

$accept (10)
    on left: 0
NT_EXPR (11)
    on left: 1 2 3 4 5, on right: 0 1 2 4


state 0

    0 $accept: . NT_EXPR $end

    TM_NAT         shift, and go to state 1
    TM_IDENT       shift, and go to state 2
    TM_LEFT_PAREN  shift, and go to state 3

    NT_EXPR  go to state 4


state 1

    5 NT_EXPR: TM_NAT .

    $default  reduce using rule 5 (NT_EXPR)


state 2

    3 NT_EXPR: TM_IDENT .

    $default  reduce using rule 3 (NT_EXPR)


state 3

    4 NT_EXPR: TM_LEFT_PAREN . NT_EXPR TM_RIGHT_PAREN

    TM_NAT         shift, and go to state 1
    TM_IDENT       shift, and go to state 2
    TM_LEFT_PAREN  shift, and go to state 3

    NT_EXPR  go to state 5


state 4

    0 $accept: NT_EXPR . $end
    1 NT_EXPR: NT_EXPR . TM_PLUS NT_EXPR
    2        | NT_EXPR . TM_MUL NT_EXPR

    $end     shift, and go to state 6
    TM_PLUS  shift, and go to state 7
    TM_MUL   shift, and go to state 8


state 5

    1 NT_EXPR: NT_EXPR . TM_PLUS NT_EXPR
    2        | NT_EXPR . TM_MUL NT_EXPR
    4        | TM_LEFT_PAREN NT_EXPR . TM_RIGHT_PAREN

    TM_RIGHT_PAREN  shift, and go to state 9
    TM_PLUS         shift, and go to state 7
    TM_MUL          shift, and go to state 8


state 6

    0 $accept: NT_EXPR $end .

    $default  accept


state 7

    1 NT_EXPR: NT_EXPR TM_PLUS . NT_EXPR

    TM_NAT         shift, and go to state 1
    TM_IDENT       shift, and go to state 2
    TM_LEFT_PAREN  shift, and go to state 3

    NT_EXPR  go to state 10


state 8

    2 NT_EXPR: NT_EXPR TM_MUL . NT_EXPR

    TM_NAT         shift, and go to state 1
    TM_IDENT       shift, and go to state 2
    TM_LEFT_PAREN  shift, and go to state 3

    NT_EXPR  go to state 11


state 9

    4 NT_EXPR: TM_LEFT_PAREN NT_EXPR TM_RIGHT_PAREN .

    $default  reduce using rule 4 (NT_EXPR)


state 10

    1 NT_EXPR: NT_EXPR . TM_PLUS NT_EXPR
    1        | NT_EXPR TM_PLUS NT_EXPR .
    2        | NT_EXPR . TM_MUL NT_EXPR

    TM_MUL  shift, and go to state 8

    $default  reduce using rule 1 (NT_EXPR)


state 11

    1 NT_EXPR: NT_EXPR . TM_PLUS NT_EXPR
    2        | NT_EXPR . TM_MUL NT_EXPR
    2        | NT_EXPR TM_MUL NT_EXPR .

    $default  reduce using rule 2 (NT_EXPR)
